<?xml version="1.0" encoding="UTF-8"?>
<testng-results skipped="0" failed="0" ignored="0" total="2" passed="2">
  <reporter-output>
  </reporter-output>
  <suite name="Command line suite" duration-ms="35927" started-at="2020-02-04T22:55:48Z" finished-at="2020-02-04T22:56:24Z">
    <groups>
    </groups>
    <test name="Command line test" duration-ms="35927" started-at="2020-02-04T22:55:48Z" finished-at="2020-02-04T22:56:24Z">
      <class name="steps.ChallengeChesseCakeTest">
        <test-method status="PASS" signature="setUp()[pri:0, instance:steps.ChallengeChesseCakeTest@6cd8737]" name="setUp" is-config="true" duration-ms="17915" started-at="2020-02-04T22:55:48Z" finished-at="2020-02-04T22:56:06Z">
          <reporter-output>
          </reporter-output>
        </test-method> <!-- setUp -->
        <test-method status="PASS" signature="loginSite()[pri:0, instance:steps.ChallengeChesseCakeTest@6cd8737]" name="loginSite" duration-ms="3160" started-at="2020-02-04T22:56:06Z" finished-at="2020-02-04T22:56:10Z">
          <reporter-output>
          </reporter-output>
        </test-method> <!-- loginSite -->
        <test-method status="PASS" signature="tearDown(org.testng.ITestResult)[pri:0, instance:steps.ChallengeChesseCakeTest@6cd8737]" name="tearDown" is-config="true" duration-ms="1197" started-at="2020-02-04T22:56:10Z" finished-at="2020-02-04T22:56:11Z">
          <params>
            <param index="0">
              <value>
                <![CDATA[[TestResult name=loginSite status=SUCCESS method=ChallengeChesseCakeTest.loginSite()[pri:0, instance:steps.ChallengeChesseCakeTest@6cd8737] output={null}]]]>
              </value>
            </param>
          </params>
          <reporter-output>
          </reporter-output>
        </test-method> <!-- tearDown -->
        <test-method status="PASS" signature="setUp()[pri:0, instance:steps.ChallengeChesseCakeTest@6cd8737]" name="setUp" is-config="true" duration-ms="11526" started-at="2020-02-04T22:56:11Z" finished-at="2020-02-04T22:56:22Z">
          <reporter-output>
          </reporter-output>
        </test-method> <!-- setUp -->
        <test-method status="PASS" signature="categorySite()[pri:1, instance:steps.ChallengeChesseCakeTest@6cd8737]" name="categorySite" duration-ms="985" started-at="2020-02-04T22:56:22Z" finished-at="2020-02-04T22:56:23Z">
          <reporter-output>
          </reporter-output>
        </test-method> <!-- categorySite -->
        <test-method status="PASS" signature="tearDown(org.testng.ITestResult)[pri:0, instance:steps.ChallengeChesseCakeTest@6cd8737]" name="tearDown" is-config="true" duration-ms="1039" started-at="2020-02-04T22:56:23Z" finished-at="2020-02-04T22:56:24Z">
          <params>
            <param index="0">
              <value>
                <![CDATA[[TestResult name=categorySite status=SUCCESS method=ChallengeChesseCakeTest.categorySite()[pri:1, instance:steps.ChallengeChesseCakeTest@6cd8737] output={null}]]]>
              </value>
            </param>
          </params>
          <reporter-output>
          </reporter-output>
        </test-method> <!-- tearDown -->
      </class> <!-- steps.ChallengeChesseCakeTest -->
    </test> <!-- Command line test -->
  </suite> <!-- Command line suite -->
</testng-results>
